{"uid":"59b2d78ed25c9175","name":"test_auth_failure","fullName":"tests.test_auth_api.TestAuthAPI#test_auth_failure","historyId":"7ec695e0f8762b2cb3ff9c654ebd0b5d","time":{"start":1750257937005,"stop":1750257937059,"duration":54},"description":"Test failed authentication","descriptionHtml":"<p>Test failed authentication</p>\n","status":"failed","statusMessage":"AssertionError: assert 403 in [401, 400]\n +  where 403 = <Response [403]>.status_code","statusTrace":"self = <test_auth_api.TestAuthAPI object at 0x104a387f0>\n\n    def test_auth_failure(self):\n        \"\"\"Test failed authentication\"\"\"\n        response = self.client.post(\n            f\"{self.client.base_url}{BASE_PATH}\",\n            json={\"username\": \"admin\", \"password\": \"wrongpassword\"}\n        )\n>       assert response.status_code in [401, 400]\nE       assert 403 in [401, 400]\nE        +  where 403 = <Response [403]>.status_code\n\ntests/test_auth_api.py:29: AssertionError","flaky":false,"newFailed":false,"newBroken":false,"newPassed":false,"retriesCount":0,"retriesStatusChange":false,"beforeStages":[{"name":"base_url","time":{"start":1750257936757,"stop":1750257936758,"duration":1},"status":"passed","steps":[],"attachments":[],"parameters":[],"stepsCount":0,"shouldDisplayMessage":false,"attachmentsCount":0,"hasContent":false,"attachmentStep":false},{"name":"api_client","time":{"start":1750257936758,"stop":1750257936758,"duration":0},"status":"passed","steps":[],"attachments":[],"parameters":[],"stepsCount":0,"shouldDisplayMessage":false,"attachmentsCount":0,"hasContent":false,"attachmentStep":false},{"name":"setup","time":{"start":1750257937005,"stop":1750257937005,"duration":0},"status":"passed","steps":[],"attachments":[],"parameters":[],"stepsCount":0,"shouldDisplayMessage":false,"attachmentsCount":0,"hasContent":false,"attachmentStep":false}],"afterStages":[],"labels":[{"name":"parentSuite","value":"tests"},{"name":"suite","value":"test_auth_api"},{"name":"subSuite","value":"TestAuthAPI"},{"name":"host","value":"Rs-MacBook-Pro-2.local"},{"name":"thread","value":"56688-MainThread"},{"name":"framework","value":"pytest"},{"name":"language","value":"cpython3"},{"name":"package","value":"tests.test_auth_api"},{"name":"resultFormat","value":"allure2"}],"parameters":[],"links":[],"hidden":false,"retry":false,"extra":{"severity":"normal","retries":[],"categories":[{"name":"Product defects","matchedStatuses":[]}],"tags":[]},"source":"59b2d78ed25c9175.json","parameterValues":[]}